<?xml version="1.0" encoding="UTF-8"?>
<testng-results ignored="0" total="3" passed="0" failed="3" skipped="0">
  <reporter-output>
  </reporter-output>
  <suite started-at="2021-03-30T03:02:14 EDT" name="Default Suite" finished-at="2021-03-30T03:03:08 EDT" duration-ms="54100">
    <groups>
    </groups>
    <test started-at="2021-03-30T03:02:14 EDT" name="SeleniumTest" finished-at="2021-03-30T03:03:08 EDT" duration-ms="54100">
      <class name="seleniumTestProject.SeleniumProjectBck">
        <test-method signature="testScenario3()[pri:1, instance:seleniumTestProject.SeleniumProject@26bab2f1]" started-at="2021-03-30T03:02:14 EDT" name="testScenario3" finished-at="2021-03-30T03:02:16 EDT" duration-ms="1451" status="FAIL">

        </test-method> <!-- testScenario4 -->
      </class> <!-- seleniumTestProject.SeleniumProjectBck -->
    </test> <!-- SeleniumTest -->
  </suite> <!-- Default Suite -->
</testng-results>
